# JRE version: OpenJDK Runtime Environment Temurin-21.0.12.1+1 (21.0.12.1+1) (build 21.0.12.1+1-LTS)
# Java VM: OpenJDK 64-Bit Server VM Temurin-21.0.12.1+1 (21.0.12.1+1-LTS, mixed mode, sharing, tiered, compressed class ptrs, parallel gc, windows-amd64)
GC Precious Log:
 CardTable entry size: 512
 CPUs: 4 total, 4 available
 Memory: 16300M
 Large Page Support: Disabled
 NUMA Support: Disabled
 Compressed Oops: Disabled
 Alignments: Space 512K, Generation 512K, Heap 2M
 Heap Min Capacity: 100M
 Heap Initial Capacity: 100M
 Heap Max Capacity: 64G
 Pre-touch: Disabled
 Parallel Workers: 4
Heap:
 PSYoungGen      total 3072K, used 2688K [0x000001a3dbb00000, 0x000001a3dbf80000, 0x000001a931000000)
  eden space 2560K, 100% used [0x000001a3dbb00000,0x000001a3dbd80000,0x000001a3dbd80000)
  from space 512K, 25% used [0x000001a3dbe80000,0x000001a3dbea0000,0x000001a3dbf00000)
  to   space 512K, 0% used [0x000001a3dbf00000,0x000001a3dbf00000,0x000001a3dbf80000)
 ParOldGen       total 15756800K, used 15755556K [0x0000019931000000, 0x000001a0a4500000, 0x000001a3dbb00000)
  object space 15756800K, 99% used [0x0000019931000000,0x0000019cf2a49068,0x0000019cf2b80000)
 Metaspace       used 35544K, committed 36800K, reserved 1114112K
  class space    used 3067K, committed 3584K, reserved 1048576K
GC Heap History (20 events):
Event: 343.415 GC heap before
{Heap before GC invocations=770 (full 2):
 PSYoungGen      total 3072K, used 2688K [0x000001a3dbb00000, 0x000001a3dbf80000, 0x000001a931000000)
  eden space 2560K, 100% used [0x000001a3dbb00000,0x000001a3dbd80000,0x000001a3dbd80000)
  from space 512K, 25% used [0x000001a3dbe80000,0x000001a3dbea0000,0x000001a3dbf00000)
  to   space 512K, 0% used [0x000001a3dbf00000,0x000001a3dbf00000,0x000001a3dbf80000)
 ParOldGen       total 236544K, used 236079K [0x0000019931000000, 0x000001993f700000, 0x000001a3dbb00000)
  object space 236544K, 99% used [0x0000019931000000,0x000001993f68bd70,0x000001993f700000)
 Metaspace       used 35227K, committed 36480K, reserved 1114112K
  class space    used 3022K, committed 3520K, reserved 1048576K
}
Event: 343.416 GC heap after
{Heap after GC invocations=770 (full 2):
 PSYoungGen      total 3072K, used 128K [0x000001a3dbb00000, 0x000001a3dbf80000, 0x000001a931000000)
  eden space 2560K, 0% used [0x000001a3dbb00000,0x000001a3dbb00000,0x000001a3dbd80000)
  from space 512K, 25% used [0x000001a3dbf00000,0x000001a3dbf20000,0x000001a3dbf80000)
  to   space 512K, 0% used [0x000001a3dbe80000,0x000001a3dbe80000,0x000001a3dbf00000)
 ParOldGen       total 236544K, used 236103K [0x0000019931000000, 0x000001993f700000, 0x000001a3dbb00000)
  object space 236544K, 99% used [0x0000019931000000,0x000001993f691d70,0x000001993f700000)
 Metaspace       used 35227K, committed 36480K, reserved 1114112K
  class space    used 3022K, committed 3520K, reserved 1048576K
}
Event: 344.790 GC heap before
{Heap before GC invocations=771 (full 2):
 PSYoungGen      total 3072K, used 2688K [0x000001a3dbb00000, 0x000001a3dbf80000, 0x000001a931000000)
  eden space 2560K, 100% used [0x000001a3dbb00000,0x000001a3dbd80000,0x000001a3dbd80000)
  from space 512K, 25% used [0x000001a3dbf00000,0x000001a3dbf20000,0x000001a3dbf80000)
  to   space 512K, 0% used [0x000001a3dbe80000,0x000001a3dbe80000,0x000001a3dbf00000)
 ParOldGen       total 236544K, used 236103K [0x0000019931000000, 0x000001993f700000, 0x000001a3dbb00000)
  object space 236544K, 99% used [0x0000019931000000,0x000001993f691d70,0x000001993f700000)
 Metaspace       used 35227K, committed 36480K, reserved 1114112K
  class space    used 3022K, committed 3520K, reserved 1048576K
}
Event: 344.791 GC heap after
{Heap after GC invocations=771 (full 2):
 PSYoungGen      total 3072K, used 256K [0x000001a3dbb00000, 0x000001a3dbf80000, 0x000001a931000000)
  eden space 2560K, 0% used [0x000001a3dbb00000,0x000001a3dbb00000,0x000001a3dbd80000)
  from space 512K, 50% used [0x000001a3dbe80000,0x000001a3dbec0000,0x000001a3dbf00000)
  to   space 512K, 0% used [0x000001a3dbf00000,0x000001a3dbf00000,0x000001a3dbf80000)
 ParOldGen       total 236544K, used 236127K [0x0000019931000000, 0x000001993f700000, 0x000001a3dbb00000)
  object space 236544K, 99% used [0x0000019931000000,0x000001993f697d70,0x000001993f700000)
 Metaspace       used 35227K, committed 36480K, reserved 1114112K
  class space    used 3022K, committed 3520K, reserved 1048576K
}
Event: 344.796 GC heap before
{Heap before GC invocations=772 (full 2):
 PSYoungGen      total 3072K, used 2816K [0x000001a3dbb00000, 0x000001a3dbf80000, 0x000001a931000000)
  eden space 2560K, 100% used [0x000001a3dbb00000,0x000001a3dbd80000,0x000001a3dbd80000)
  from space 512K, 50% used [0x000001a3dbe80000,0x000001a3dbec0000,0x000001a3dbf00000)
  to   space 512K, 0% used [0x000001a3dbf00000,0x000001a3dbf00000,0x000001a3dbf80000)
 ParOldGen       total 236544K, used 236127K [0x0000019931000000, 0x000001993f700000, 0x000001a3dbb00000)
  object space 236544K, 99% used [0x0000019931000000,0x000001993f697d70,0x000001993f700000)
 Metaspace       used 35229K, committed 36480K, reserved 1114112K
  class space    used 3022K, committed 3520K, reserved 1048576K
}
Event: 344.797 GC heap after
{Heap after GC invocations=772 (full 2):
 PSYoungGen      total 3072K, used 272K [0x000001a3dbb00000, 0x000001a3dbf80000, 0x000001a931000000)
  eden space 2560K, 0% used [0x000001a3dbb00000,0x000001a3dbb00000,0x000001a3dbd80000)
  from space 512K, 53% used [0x000001a3dbf00000,0x000001a3dbf44010,0x000001a3dbf80000)
  to   space 512K, 0% used [0x000001a3dbe80000,0x000001a3dbe80000,0x000001a3dbf00000)
 ParOldGen       total 236544K, used 236159K [0x0000019931000000, 0x000001993f700000, 0x000001a3dbb00000)
  object space 236544K, 99% used [0x0000019931000000,0x000001993f69fd70,0x000001993f700000)
 Metaspace       used 35229K, committed 36480K, reserved 1114112K
  class space    used 3022K, committed 3520K, reserved 1048576K
}
Event: 347.000 GC heap before
{Heap before GC invocations=773 (full 2):
 PSYoungGen      total 3072K, used 2832K [0x000001a3dbb00000, 0x000001a3dbf80000, 0x000001a931000000)
  eden space 2560K, 100% used [0x000001a3dbb00000,0x000001a3dbd80000,0x000001a3dbd80000)
  from space 512K, 53% used [0x000001a3dbf00000,0x000001a3dbf44010,0x000001a3dbf80000)
  to   space 512K, 0% used [0x000001a3dbe80000,0x000001a3dbe80000,0x000001a3dbf00000)
 ParOldGen       total 236544K, used 236159K [0x0000019931000000, 0x000001993f700000, 0x000001a3dbb00000)
  object space 236544K, 99% used [0x0000019931000000,0x000001993f69fd70,0x000001993f700000)
 Metaspace       used 35320K, committed 36608K, reserved 1114112K
  class space    used 3039K, committed 3584K, reserved 1048576K
}
Event: 347.003 GC heap after
{Heap after GC invocations=773 (full 2):
 PSYoungGen      total 3072K, used 224K [0x000001a3dbb00000, 0x000001a3dbf80000, 0x000001a931000000)
  eden space 2560K, 0% used [0x000001a3dbb00000,0x000001a3dbb00000,0x000001a3dbd80000)
  from space 512K, 43% used [0x000001a3dbe80000,0x000001a3dbeb8000,0x000001a3dbf00000)
  to   space 512K, 0% used [0x000001a3dbf00000,0x000001a3dbf00000,0x000001a3dbf80000)
 ParOldGen       total 236544K, used 236175K [0x0000019931000000, 0x000001993f700000, 0x000001a3dbb00000)
  object space 236544K, 99% used [0x0000019931000000,0x000001993f6a3d70,0x000001993f700000)
 Metaspace       used 35320K, committed 36608K, reserved 1114112K
  class space    used 3039K, committed 3584K, reserved 1048576K
}
Event: 347.118 GC heap before
{Heap before GC invocations=774 (full 2):
 PSYoungGen      total 3072K, used 2784K [0x000001a3dbb00000, 0x000001a3dbf80000, 0x000001a931000000)
  eden space 2560K, 100% used [0x000001a3dbb00000,0x000001a3dbd80000,0x000001a3dbd80000)
  from space 512K, 43% used [0x000001a3dbe80000,0x000001a3dbeb8000,0x000001a3dbf00000)
  to   space 512K, 0% used [0x000001a3dbf00000,0x000001a3dbf00000,0x000001a3dbf80000)
 ParOldGen       total 236544K, used 236175K [0x0000019931000000, 0x000001993f700000, 0x000001a3dbb00000)
  object space 236544K, 99% used [0x0000019931000000,0x000001993f6a3d70,0x000001993f700000)
 Metaspace       used 35354K, committed 36608K, reserved 1114112K
  class space    used 3044K, committed 3584K, reserved 1048576K
}
Event: 347.120 GC heap after
{Heap after GC invocations=774 (full 2):
 PSYoungGen      total 3072K, used 381K [0x000001a3dbb00000, 0x000001a3dbf80000, 0x000001a931000000)
  eden space 2560K, 0% used [0x000001a3dbb00000,0x000001a3dbb00000,0x000001a3dbd80000)
  from space 512K, 74% used [0x000001a3dbf00000,0x000001a3dbf5f5d8,0x000001a3dbf80000)
  to   space 512K, 0% used [0x000001a3dbe80000,0x000001a3dbe80000,0x000001a3dbf00000)
 ParOldGen       total 236544K, used 236243K [0x0000019931000000, 0x000001993f700000, 0x000001a3dbb00000)
  object space 236544K, 99% used [0x0000019931000000,0x000001993f6b4ea8,0x000001993f700000)
 Metaspace       used 35354K, committed 36608K, reserved 1114112K
  class space    used 3044K, committed 3584K, reserved 1048576K
}
Event: 347.161 GC heap before
{Heap before GC invocations=775 (full 2):
 PSYoungGen      total 3072K, used 2921K [0x000001a3dbb00000, 0x000001a3dbf80000, 0x000001a931000000)
  eden space 2560K, 99% used [0x000001a3dbb00000,0x000001a3dbd7afe8,0x000001a3dbd80000)
  from space 512K, 74% used [0x000001a3dbf00000,0x000001a3dbf5f5d8,0x000001a3dbf80000)
  to   space 512K, 0% used [0x000001a3dbe80000,0x000001a3dbe80000,0x000001a3dbf00000)
 ParOldGen       total 236544K, used 236243K [0x0000019931000000, 0x000001993f700000, 0x000001a3dbb00000)
  object space 236544K, 99% used [0x0000019931000000,0x000001993f6b4ea8,0x000001993f700000)
 Metaspace       used 35393K, committed 36672K, reserved 1114112K
  class space    used 3045K, committed 3584K, reserved 1048576K
}
Event: 347.163 GC heap after
{Heap after GC invocations=775 (full 2):
 PSYoungGen      total 3072K, used 480K [0x000001a3dbb00000, 0x000001a3dc080000, 0x000001a931000000)
  eden space 2560K, 0% used [0x000001a3dbb00000,0x000001a3dbb00000,0x000001a3dbd80000)
  from space 512K, 93% used [0x000001a3dbe80000,0x000001a3dbef8020,0x000001a3dbf00000)
  to   space 1536K, 0% used [0x000001a3dbf00000,0x000001a3dbf00000,0x000001a3dc080000)
 ParOldGen       total 237056K, used 236731K [0x0000019931000000, 0x000001993f780000, 0x000001a3dbb00000)
  object space 237056K, 99% used [0x0000019931000000,0x000001993f72ed08,0x000001993f780000)
 Metaspace       used 35393K, committed 36672K, reserved 1114112K
  class space    used 3045K, committed 3584K, reserved 1048576K
}
Event: 347.468 GC heap before
{Heap before GC invocations=776 (full 2):
 PSYoungGen      total 3072K, used 3040K [0x000001a3dbb00000, 0x000001a3dc080000, 0x000001a931000000)
  eden space 2560K, 100% used [0x000001a3dbb00000,0x000001a3dbd80000,0x000001a3dbd80000)
  from space 512K, 93% used [0x000001a3dbe80000,0x000001a3dbef8020,0x000001a3dbf00000)
  to   space 1536K, 0% used [0x000001a3dbf00000,0x000001a3dbf00000,0x000001a3dc080000)
 ParOldGen       total 237056K, used 236731K [0x0000019931000000, 0x000001993f780000, 0x000001a3dbb00000)
  object space 237056K, 99% used [0x0000019931000000,0x000001993f72ed08,0x000001993f780000)
 Metaspace       used 35481K, committed 36736K, reserved 1114112K
  class space    used 3057K, committed 3584K, reserved 1048576K
}
Event: 347.470 GC heap after
{Heap after GC invocations=776 (full 2):
 PSYoungGen      total 3072K, used 128K [0x000001a3dbb00000, 0x000001a3dbf80000, 0x000001a931000000)
  eden space 2560K, 0% used [0x000001a3dbb00000,0x000001a3dbb00000,0x000001a3dbd80000)
  from space 512K, 25% used [0x000001a3dbf00000,0x000001a3dbf20000,0x000001a3dbf80000)
  to   space 512K, 0% used [0x000001a3dbe80000,0x000001a3dbe80000,0x000001a3dbf00000)
 ParOldGen       total 237568K, used 237180K [0x0000019931000000, 0x000001993f800000, 0x000001a3dbb00000)
  object space 237568K, 99% used [0x0000019931000000,0x000001993f79f2b0,0x000001993f800000)
 Metaspace       used 35481K, committed 36736K, reserved 1114112K
  class space    used 3057K, committed 3584K, reserved 1048576K
}
Event: 347.481 GC heap before
{Heap before GC invocations=777 (full 2):
 PSYoungGen      total 3072K, used 2688K [0x000001a3dbb00000, 0x000001a3dbf80000, 0x000001a931000000)
  eden space 2560K, 100% used [0x000001a3dbb00000,0x000001a3dbd80000,0x000001a3dbd80000)
  from space 512K, 25% used [0x000001a3dbf00000,0x000001a3dbf20000,0x000001a3dbf80000)
  to   space 512K, 0% used [0x000001a3dbe80000,0x000001a3dbe80000,0x000001a3dbf00000)
 ParOldGen       total 237568K, used 237180K [0x0000019931000000, 0x000001993f800000, 0x000001a3dbb00000)
  object space 237568K, 99% used [0x0000019931000000,0x000001993f79f2b0,0x000001993f800000)
 Metaspace       used 35481K, committed 36736K, reserved 1114112K
  class space    used 3057K, committed 3584K, reserved 1048576K
}
Event: 347.482 GC heap after
{Heap after GC invocations=777 (full 2):
 PSYoungGen      total 3072K, used 160K [0x000001a3dbb00000, 0x000001a3dbf80000, 0x000001a931000000)
  eden space 2560K, 0% used [0x000001a3dbb00000,0x000001a3dbb00000,0x000001a3dbd80000)
  from space 512K, 31% used [0x000001a3dbe80000,0x000001a3dbea8000,0x000001a3dbf00000)
  to   space 512K, 0% used [0x000001a3dbf00000,0x000001a3dbf00000,0x000001a3dbf80000)
 ParOldGen       total 237568K, used 237244K [0x0000019931000000, 0x000001993f800000, 0x000001a3dbb00000)
  object space 237568K, 99% used [0x0000019931000000,0x000001993f7af2b0,0x000001993f800000)
 Metaspace       used 35481K, committed 36736K, reserved 1114112K
  class space    used 3057K, committed 3584K, reserved 1048576K
}
Event: 347.490 GC heap before
{Heap before GC invocations=778 (full 2):
 PSYoungGen      total 3072K, used 2720K [0x000001a3dbb00000, 0x000001a3dbf80000, 0x000001a931000000)
  eden space 2560K, 100% used [0x000001a3dbb00000,0x000001a3dbd80000,0x000001a3dbd80000)
  from space 512K, 31% used [0x000001a3dbe80000,0x000001a3dbea8000,0x000001a3dbf00000)
  to   space 512K, 0% used [0x000001a3dbf00000,0x000001a3dbf00000,0x000001a3dbf80000)
 ParOldGen       total 237568K, used 237244K [0x0000019931000000, 0x000001993f800000, 0x000001a3dbb00000)
  object space 237568K, 99% used [0x0000019931000000,0x000001993f7af2b0,0x000001993f800000)
 Metaspace       used 35481K, committed 36736K, reserved 1114112K
  class space    used 3057K, committed 3584K, reserved 1048576K
}
Event: 347.492 GC heap after
{Heap after GC invocations=778 (full 2):
 PSYoungGen      total 3072K, used 336K [0x000001a3dbb00000, 0x000001a3dbf80000, 0x000001a931000000)
  eden space 2560K, 0% used [0x000001a3dbb00000,0x000001a3dbb00000,0x000001a3dbd80000)
  from space 512K, 65% used [0x000001a3dbf00000,0x000001a3dbf54010,0x000001a3dbf80000)
  to   space 512K, 0% used [0x000001a3dbe80000,0x000001a3dbe80000,0x000001a3dbf00000)
 ParOldGen       total 237568K, used 237260K [0x0000019931000000, 0x000001993f800000, 0x000001a3dbb00000)
  object space 237568K, 99% used [0x0000019931000000,0x000001993f7b32b0,0x000001993f800000)
 Metaspace       used 35481K, committed 36736K, reserved 1114112K
  class space    used 3057K, committed 3584K, reserved 1048576K
}
Event: 352.089 GC heap before
{Heap before GC invocations=779 (full 2):
 PSYoungGen      total 3072K, used 2888K [0x000001a3dbb00000, 0x000001a3dbf80000, 0x000001a931000000)
  eden space 2560K, 99% used [0x000001a3dbb00000,0x000001a3dbd7e038,0x000001a3dbd80000)
  from space 512K, 65% used [0x000001a3dbf00000,0x000001a3dbf54010,0x000001a3dbf80000)
  to   space 512K, 0% used [0x000001a3dbe80000,0x000001a3dbe80000,0x000001a3dbf00000)
 ParOldGen       total 237568K, used 237260K [0x0000019931000000, 0x000001993f800000, 0x000001a3dbb00000)
  object space 237568K, 99% used [0x0000019931000000,0x000001993f7b32b0,0x000001993f800000)
 Metaspace       used 35532K, committed 36736K, reserved 1114112K
  class space    used 3067K, committed 3584K, reserved 1048576K
}
Event: 352.090 GC heap after
{Heap after GC invocations=779 (full 2):
 PSYoungGen      total 3072K, used 128K [0x000001a3dbb00000, 0x000001a3dbf80000, 0x000001a931000000)
  eden space 2560K, 0% used [0x000001a3dbb00000,0x000001a3dbb00000,0x000001a3dbd80000)
  from space 512K, 25% used [0x000001a3dbe80000,0x000001a3dbea0000,0x000001a3dbf00000)
  to   space 512K, 0% used [0x000001a3dbf00000,0x000001a3dbf00000,0x000001a3dbf80000)
 ParOldGen       total 237568K, used 237268K [0x0000019931000000, 0x000001993f800000, 0x000001a3dbb00000)
  object space 237568K, 99% used [0x0000019931000000,0x000001993f7b52b0,0x000001993f800000)
 Metaspace       used 35532K, committed 36736K, reserved 1114112K
  class space    used 3067K, committed 3584K, reserved 1048576K
}

