# JRE version: OpenJDK Runtime Environment Temurin-21.0.12.1+1 (21.0.12.1+1) (build 21.0.12.1+1-LTS)
# Java VM: OpenJDK 64-Bit Server VM Temurin-21.0.12.1+1 (21.0.12.1+1-LTS, mixed mode, sharing, tiered, compressed class ptrs, parallel gc, windows-amd64)
GC Precious Log:
 CardTable entry size: 512
 CPUs: 4 total, 4 available
 Memory: 16300M
 Large Page Support: Disabled
 NUMA Support: Disabled
 Compressed Oops: Disabled
 Alignments: Space 512K, Generation 512K, Heap 2M
 Heap Min Capacity: 100M
 Heap Initial Capacity: 100M
 Heap Max Capacity: 64G
 Pre-touch: Disabled
 Parallel Workers: 4
Heap:
 PSYoungGen      total 3584K, used 1274K [0x000001466d300000, 0x000001466d700000, 0x0000014bc2800000)
  eden space 3072K, 38% used [0x000001466d300000,0x000001466d426a28,0x000001466d600000)
  from space 512K, 18% used [0x000001466d600000,0x000001466d618000,0x000001466d680000)
  to   space 512K, 0% used [0x000001466d680000,0x000001466d680000,0x000001466d700000)
 ParOldGen       total 899072K, used 565305K [0x0000013bc2800000, 0x0000013bf9600000, 0x000001466d300000)
  object space 899072K, 62% used [0x0000013bc2800000,0x0000013be500e450,0x0000013bf9600000)
 Metaspace       used 38719K, committed 40000K, reserved 1114112K
  class space    used 3203K, committed 3776K, reserved 1048576K
GC Heap History (20 events):
Event: 2181.532 GC heap before
{Heap before GC invocations=3945 (full 3):
 PSYoungGen      total 2560K, used 2480K [0x000001466d300000, 0x000001466d700000, 0x0000014bc2800000)
  eden space 2048K, 100% used [0x000001466d300000,0x000001466d500000,0x000001466d500000)
  from space 512K, 84% used [0x000001466d580000,0x000001466d5ec010,0x000001466d600000)
  to   space 1024K, 0% used [0x000001466d600000,0x000001466d600000,0x000001466d700000)
 ParOldGen       total 899072K, used 563697K [0x0000013bc2800000, 0x0000013bf9600000, 0x000001466d300000)
  object space 899072K, 62% used [0x0000013bc2800000,0x0000013be4e7c7c8,0x0000013bf9600000)
 Metaspace       used 38712K, committed 40000K, reserved 1114112K
  class space    used 3203K, committed 3776K, reserved 1048576K
}
Event: 2181.536 GC heap after
{Heap after GC invocations=3945 (full 3):
 PSYoungGen      total 3072K, used 512K [0x000001466d300000, 0x000001466d780000, 0x0000014bc2800000)
  eden space 2048K, 0% used [0x000001466d300000,0x000001466d300000,0x000001466d500000)
  from space 1024K, 50% used [0x000001466d600000,0x000001466d680000,0x000001466d700000)
  to   space 1024K, 0% used [0x000001466d500000,0x000001466d500000,0x000001466d600000)
 ParOldGen       total 899072K, used 564057K [0x0000013bc2800000, 0x0000013bf9600000, 0x000001466d300000)
  object space 899072K, 62% used [0x0000013bc2800000,0x0000013be4ed67d0,0x0000013bf9600000)
 Metaspace       used 38712K, committed 40000K, reserved 1114112K
  class space    used 3203K, committed 3776K, reserved 1048576K
}
Event: 2181.766 GC heap before
{Heap before GC invocations=3946 (full 3):
 PSYoungGen      total 3072K, used 2560K [0x000001466d300000, 0x000001466d780000, 0x0000014bc2800000)
  eden space 2048K, 100% used [0x000001466d300000,0x000001466d500000,0x000001466d500000)
  from space 1024K, 50% used [0x000001466d600000,0x000001466d680000,0x000001466d700000)
  to   space 1024K, 0% used [0x000001466d500000,0x000001466d500000,0x000001466d600000)
 ParOldGen       total 899072K, used 564057K [0x0000013bc2800000, 0x0000013bf9600000, 0x000001466d300000)
  object space 899072K, 62% used [0x0000013bc2800000,0x0000013be4ed67d0,0x0000013bf9600000)
 Metaspace       used 38712K, committed 40000K, reserved 1114112K
  class space    used 3203K, committed 3776K, reserved 1048576K
}
Event: 2181.770 GC heap after
{Heap after GC invocations=3946 (full 3):
 PSYoungGen      total 3072K, used 608K [0x000001466d300000, 0x000001466d780000, 0x0000014bc2800000)
  eden space 2048K, 0% used [0x000001466d300000,0x000001466d300000,0x000001466d500000)
  from space 1024K, 59% used [0x000001466d500000,0x000001466d598000,0x000001466d600000)
  to   space 1024K, 0% used [0x000001466d680000,0x000001466d680000,0x000001466d780000)
 ParOldGen       total 899072K, used 564464K [0x0000013bc2800000, 0x0000013bf9600000, 0x000001466d300000)
  object space 899072K, 62% used [0x0000013bc2800000,0x0000013be4f3c190,0x0000013bf9600000)
 Metaspace       used 38712K, committed 40000K, reserved 1114112K
  class space    used 3203K, committed 3776K, reserved 1048576K
}
Event: 2181.912 GC heap before
{Heap before GC invocations=3947 (full 3):
 PSYoungGen      total 3072K, used 2656K [0x000001466d300000, 0x000001466d780000, 0x0000014bc2800000)
  eden space 2048K, 100% used [0x000001466d300000,0x000001466d500000,0x000001466d500000)
  from space 1024K, 59% used [0x000001466d500000,0x000001466d598000,0x000001466d600000)
  to   space 1024K, 0% used [0x000001466d680000,0x000001466d680000,0x000001466d780000)
 ParOldGen       total 899072K, used 564464K [0x0000013bc2800000, 0x0000013bf9600000, 0x000001466d300000)
  object space 899072K, 62% used [0x0000013bc2800000,0x0000013be4f3c190,0x0000013bf9600000)
 Metaspace       used 38712K, committed 40000K, reserved 1114112K
  class space    used 3203K, committed 3776K, reserved 1048576K
}
Event: 2181.918 GC heap after
{Heap after GC invocations=3947 (full 3):
 PSYoungGen      total 2560K, used 480K [0x000001466d300000, 0x000001466d700000, 0x0000014bc2800000)
  eden space 2048K, 0% used [0x000001466d300000,0x000001466d300000,0x000001466d500000)
  from space 512K, 93% used [0x000001466d680000,0x000001466d6f8000,0x000001466d700000)
  to   space 1024K, 0% used [0x000001466d500000,0x000001466d500000,0x000001466d600000)
 ParOldGen       total 899072K, used 565025K [0x0000013bc2800000, 0x0000013bf9600000, 0x000001466d300000)
  object space 899072K, 62% used [0x0000013bc2800000,0x0000013be4fc8450,0x0000013bf9600000)
 Metaspace       used 38712K, committed 40000K, reserved 1114112K
  class space    used 3203K, committed 3776K, reserved 1048576K
}
Event: 2181.924 GC heap before
{Heap before GC invocations=3948 (full 3):
 PSYoungGen      total 2560K, used 2528K [0x000001466d300000, 0x000001466d700000, 0x0000014bc2800000)
  eden space 2048K, 100% used [0x000001466d300000,0x000001466d500000,0x000001466d500000)
  from space 512K, 93% used [0x000001466d680000,0x000001466d6f8000,0x000001466d700000)
  to   space 1024K, 0% used [0x000001466d500000,0x000001466d500000,0x000001466d600000)
 ParOldGen       total 899072K, used 565025K [0x0000013bc2800000, 0x0000013bf9600000, 0x000001466d300000)
  object space 899072K, 62% used [0x0000013bc2800000,0x0000013be4fc8450,0x0000013bf9600000)
 Metaspace       used 38712K, committed 40000K, reserved 1114112K
  class space    used 3203K, committed 3776K, reserved 1048576K
}
Event: 2181.926 GC heap after
{Heap after GC invocations=3948 (full 3):
 PSYoungGen      total 3072K, used 432K [0x000001466d300000, 0x000001466d700000, 0x0000014bc2800000)
  eden space 2048K, 0% used [0x000001466d300000,0x000001466d300000,0x000001466d500000)
  from space 1024K, 42% used [0x000001466d500000,0x000001466d56c010,0x000001466d600000)
  to   space 512K, 0% used [0x000001466d680000,0x000001466d680000,0x000001466d700000)
 ParOldGen       total 899072K, used 565057K [0x0000013bc2800000, 0x0000013bf9600000, 0x000001466d300000)
  object space 899072K, 62% used [0x0000013bc2800000,0x0000013be4fd0450,0x0000013bf9600000)
 Metaspace       used 38712K, committed 40000K, reserved 1114112K
  class space    used 3203K, committed 3776K, reserved 1048576K
}
Event: 2181.932 GC heap before
{Heap before GC invocations=3949 (full 3):
 PSYoungGen      total 3072K, used 2479K [0x000001466d300000, 0x000001466d700000, 0x0000014bc2800000)
  eden space 2048K, 99% used [0x000001466d300000,0x000001466d4fffa8,0x000001466d500000)
  from space 1024K, 42% used [0x000001466d500000,0x000001466d56c010,0x000001466d600000)
  to   space 512K, 0% used [0x000001466d680000,0x000001466d680000,0x000001466d700000)
 ParOldGen       total 899072K, used 565057K [0x0000013bc2800000, 0x0000013bf9600000, 0x000001466d300000)
  object space 899072K, 62% used [0x0000013bc2800000,0x0000013be4fd0450,0x0000013bf9600000)
 Metaspace       used 38712K, committed 40000K, reserved 1114112K
  class space    used 3203K, committed 3776K, reserved 1048576K
}
Event: 2181.935 GC heap after
{Heap after GC invocations=3949 (full 3):
 PSYoungGen      total 3072K, used 432K [0x000001466d300000, 0x000001466d700000, 0x0000014bc2800000)
  eden space 2560K, 0% used [0x000001466d300000,0x000001466d300000,0x000001466d580000)
  from space 512K, 84% used [0x000001466d680000,0x000001466d6ec010,0x000001466d700000)
  to   space 512K, 0% used [0x000001466d600000,0x000001466d600000,0x000001466d680000)
 ParOldGen       total 899072K, used 565081K [0x0000013bc2800000, 0x0000013bf9600000, 0x000001466d300000)
  object space 899072K, 62% used [0x0000013bc2800000,0x0000013be4fd6450,0x0000013bf9600000)
 Metaspace       used 38712K, committed 40000K, reserved 1114112K
  class space    used 3203K, committed 3776K, reserved 1048576K
}
Event: 2181.948 GC heap before
{Heap before GC invocations=3950 (full 3):
 PSYoungGen      total 3072K, used 2989K [0x000001466d300000, 0x000001466d700000, 0x0000014bc2800000)
  eden space 2560K, 99% used [0x000001466d300000,0x000001466d57f588,0x000001466d580000)
  from space 512K, 84% used [0x000001466d680000,0x000001466d6ec010,0x000001466d700000)
  to   space 512K, 0% used [0x000001466d600000,0x000001466d600000,0x000001466d680000)
 ParOldGen       total 899072K, used 565081K [0x0000013bc2800000, 0x0000013bf9600000, 0x000001466d300000)
  object space 899072K, 62% used [0x0000013bc2800000,0x0000013be4fd6450,0x0000013bf9600000)
 Metaspace       used 38719K, committed 40000K, reserved 1114112K
  class space    used 3203K, committed 3776K, reserved 1048576K
}
Event: 2181.951 GC heap after
{Heap after GC invocations=3950 (full 3):
 PSYoungGen      total 3584K, used 96K [0x000001466d300000, 0x000001466d700000, 0x0000014bc2800000)
  eden space 3072K, 0% used [0x000001466d300000,0x000001466d300000,0x000001466d600000)
  from space 512K, 18% used [0x000001466d600000,0x000001466d618000,0x000001466d680000)
  to   space 512K, 0% used [0x000001466d680000,0x000001466d680000,0x000001466d700000)
 ParOldGen       total 899072K, used 565105K [0x0000013bc2800000, 0x0000013bf9600000, 0x000001466d300000)
  object space 899072K, 62% used [0x0000013bc2800000,0x0000013be4fdc450,0x0000013bf9600000)
 Metaspace       used 38719K, committed 40000K, reserved 1114112K
  class space    used 3203K, committed 3776K, reserved 1048576K
}
Event: 2181.973 GC heap before
{Heap before GC invocations=3951 (full 3):
 PSYoungGen      total 3584K, used 3168K [0x000001466d300000, 0x000001466d700000, 0x0000014bc2800000)
  eden space 3072K, 100% used [0x000001466d300000,0x000001466d600000,0x000001466d600000)
  from space 512K, 18% used [0x000001466d600000,0x000001466d618000,0x000001466d680000)
  to   space 512K, 0% used [0x000001466d680000,0x000001466d680000,0x000001466d700000)
 ParOldGen       total 899072K, used 565105K [0x0000013bc2800000, 0x0000013bf9600000, 0x000001466d300000)
  object space 899072K, 62% used [0x0000013bc2800000,0x0000013be4fdc450,0x0000013bf9600000)
 Metaspace       used 38719K, committed 40000K, reserved 1114112K
  class space    used 3203K, committed 3776K, reserved 1048576K
}
Event: 2181.976 GC heap after
{Heap after GC invocations=3951 (full 3):
 PSYoungGen      total 3584K, used 192K [0x000001466d300000, 0x000001466d800000, 0x0000014bc2800000)
  eden space 3072K, 0% used [0x000001466d300000,0x000001466d300000,0x000001466d600000)
  from space 512K, 37% used [0x000001466d680000,0x000001466d6b0000,0x000001466d700000)
  to   space 512K, 0% used [0x000001466d600000,0x000001466d600000,0x000001466d680000)
 ParOldGen       total 899072K, used 565121K [0x0000013bc2800000, 0x0000013bf9600000, 0x000001466d300000)
  object space 899072K, 62% used [0x0000013bc2800000,0x0000013be4fe0450,0x0000013bf9600000)
 Metaspace       used 38719K, committed 40000K, reserved 1114112K
  class space    used 3203K, committed 3776K, reserved 1048576K
}
Event: 2182.788 GC heap before
{Heap before GC invocations=3952 (full 3):
 PSYoungGen      total 3584K, used 3264K [0x000001466d300000, 0x000001466d800000, 0x0000014bc2800000)
  eden space 3072K, 100% used [0x000001466d300000,0x000001466d600000,0x000001466d600000)
  from space 512K, 37% used [0x000001466d680000,0x000001466d6b0000,0x000001466d700000)
  to   space 512K, 0% used [0x000001466d600000,0x000001466d600000,0x000001466d680000)
 ParOldGen       total 899072K, used 565121K [0x0000013bc2800000, 0x0000013bf9600000, 0x000001466d300000)
  object space 899072K, 62% used [0x0000013bc2800000,0x0000013be4fe0450,0x0000013bf9600000)
 Metaspace       used 38719K, committed 40000K, reserved 1114112K
  class space    used 3203K, committed 3776K, reserved 1048576K
}
Event: 2182.800 GC heap after
{Heap after GC invocations=3952 (full 3):
 PSYoungGen      total 3584K, used 128K [0x000001466d300000, 0x000001466d700000, 0x0000014bc2800000)
  eden space 3072K, 0% used [0x000001466d300000,0x000001466d300000,0x000001466d600000)
  from space 512K, 25% used [0x000001466d600000,0x000001466d620000,0x000001466d680000)
  to   space 512K, 0% used [0x000001466d680000,0x000001466d680000,0x000001466d700000)
 ParOldGen       total 899072K, used 565249K [0x0000013bc2800000, 0x0000013bf9600000, 0x000001466d300000)
  object space 899072K, 62% used [0x0000013bc2800000,0x0000013be5000450,0x0000013bf9600000)
 Metaspace       used 38719K, committed 40000K, reserved 1114112K
  class space    used 3203K, committed 3776K, reserved 1048576K
}
Event: 2182.981 GC heap before
{Heap before GC invocations=3953 (full 3):
 PSYoungGen      total 3584K, used 3199K [0x000001466d300000, 0x000001466d700000, 0x0000014bc2800000)
  eden space 3072K, 99% used [0x000001466d300000,0x000001466d5fffe8,0x000001466d600000)
  from space 512K, 25% used [0x000001466d600000,0x000001466d620000,0x000001466d680000)
  to   space 512K, 0% used [0x000001466d680000,0x000001466d680000,0x000001466d700000)
 ParOldGen       total 899072K, used 565249K [0x0000013bc2800000, 0x0000013bf9600000, 0x000001466d300000)
  object space 899072K, 62% used [0x0000013bc2800000,0x0000013be5000450,0x0000013bf9600000)
 Metaspace       used 38719K, committed 40000K, reserved 1114112K
  class space    used 3203K, committed 3776K, reserved 1048576K
}
Event: 2182.994 GC heap after
{Heap after GC invocations=3953 (full 3):
 PSYoungGen      total 3584K, used 128K [0x000001466d300000, 0x000001466d700000, 0x0000014bc2800000)
  eden space 3072K, 0% used [0x000001466d300000,0x000001466d300000,0x000001466d600000)
  from space 512K, 25% used [0x000001466d680000,0x000001466d6a0000,0x000001466d700000)
  to   space 512K, 0% used [0x000001466d600000,0x000001466d600000,0x000001466d680000)
 ParOldGen       total 899072K, used 565289K [0x0000013bc2800000, 0x0000013bf9600000, 0x000001466d300000)
  object space 899072K, 62% used [0x0000013bc2800000,0x0000013be500a450,0x0000013bf9600000)
 Metaspace       used 38719K, committed 40000K, reserved 1114112K
  class space    used 3203K, committed 3776K, reserved 1048576K
}
Event: 2186.167 GC heap before
{Heap before GC invocations=3954 (full 3):
 PSYoungGen      total 3584K, used 3200K [0x000001466d300000, 0x000001466d700000, 0x0000014bc2800000)
  eden space 3072K, 100% used [0x000001466d300000,0x000001466d600000,0x000001466d600000)
  from space 512K, 25% used [0x000001466d680000,0x000001466d6a0000,0x000001466d700000)
  to   space 512K, 0% used [0x000001466d600000,0x000001466d600000,0x000001466d680000)
 ParOldGen       total 899072K, used 565289K [0x0000013bc2800000, 0x0000013bf9600000, 0x000001466d300000)
  object space 899072K, 62% used [0x0000013bc2800000,0x0000013be500a450,0x0000013bf9600000)
 Metaspace       used 38719K, committed 40000K, reserved 1114112K
  class space    used 3203K, committed 3776K, reserved 1048576K
}
Event: 2186.172 GC heap after
{Heap after GC invocations=3954 (full 3):
 PSYoungGen      total 3584K, used 96K [0x000001466d300000, 0x000001466d700000, 0x0000014bc2800000)
  eden space 3072K, 0% used [0x000001466d300000,0x000001466d300000,0x000001466d600000)
  from space 512K, 18% used [0x000001466d600000,0x000001466d618000,0x000001466d680000)
  to   space 512K, 0% used [0x000001466d680000,0x000001466d680000,0x000001466d700000)
 ParOldGen       total 899072K, used 565305K [0x0000013bc2800000, 0x0000013bf9600000, 0x000001466d300000)
  object space 899072K, 62% used [0x0000013bc2800000,0x0000013be500e450,0x0000013bf9600000)
 Metaspace       used 38719K, committed 40000K, reserved 1114112K
  class space    used 3203K, committed 3776K, reserved 1048576K
}

